<?xml version="1.0" encoding="UTF-8" ?>
<testsuite failures="0" time="0.455" errors="0" skipped="0" tests="9" name="com.example.petclinic.domain.VisitIntegrationTest">
  <properties>
[...]
</properties>
  <testcase time="0.02" classname="com.example.petclinic.domain.VisitIntegrationTest" name="testMarkerMethod"/>
  <testcase time="0.06" classname="com.example.petclinic.domain.VisitIntegrationTest" name="testMergeUpdate"/>
  <testcase time="0.065" classname="com.example.petclinic.domain.VisitIntegrationTest" name="testCountVisits"/>
  <testcase time="0.06" classname="com.example.petclinic.domain.VisitIntegrationTest" name="testFindVisit"/>
  <testcase time="0.06" classname="com.example.petclinic.domain.VisitIntegrationTest" name="testFindAllVisits"/>
  <testcase time="0.055" classname="com.example.petclinic.domain.VisitIntegrationTest" name="testFindVisitEntries"/>
  <testcase time="0.045" classname="com.example.petclinic.domain.VisitIntegrationTest" name="testPersist"/>
  <testcase time="0.045" classname="com.example.petclinic.domain.VisitIntegrationTest" name="testFlush"/>
  <testcase time="0.045" classname="com.example.petclinic.domain.VisitIntegrationTest" name="testRemove"/>
</testsuite>